*** Using Compiler 'V5.06 update 5 (build 528)', folder: 'D:\keil5\keil5_MDK\keil5_MDK_32\ARM\ARMCC\Bin'
Build target 'HAL_freeRTOS'
assembling startup_stm32f407xx.s...
compiling i2c.c...
compiling stm32f4xx_hal_timebase_tim.c...
compiling stm32f4xx_hal_msp.c...
compiling usart.c...
compiling tim.c...
compiling gpio.c...
compiling stm32f4xx_it.c...
compiling stm32f4xx_hal_rcc_ex.c...
compiling stm32f4xx_hal_flash.c...
compiling freertos.c...
compiling stm32f4xx_hal_rcc.c...
compiling main.c...
compiling stm32f4xx_hal_pwr.c...
compiling stm32f4xx_hal_i2c_ex.c...
compiling stm32f4xx_hal_pwr_ex.c...
compiling stm32f4xx_hal_exti.c...
compiling stm32f4xx_hal_flash_ramfunc.c...
compiling stm32f4xx_hal_cortex.c...
compiling stm32f4xx_hal.c...
compiling stm32f4xx_hal_dma_ex.c...
compiling stm32f4xx_hal_flash_ex.c...
compiling stm32f4xx_hal_gpio.c...
compiling stm32f4xx_hal_dma.c...
compiling stm32f4xx_hal_i2c.c...
compiling system_stm32f4xx.c...
compiling stm32f4xx_hal_tim_ex.c...
compiling stm32f4xx_hal_uart.c...
compiling cmsis_os2.c...
compiling stm32f4xx_hal_tim.c...
linking...
Program Size: Code=12060 RO-data=544 RW-data=152 ZI-data=19968  
FromELF: creating hex file...
"HAL_freeRTOS\HAL_freeRTOS.axf" - 0 Error(s), 0 Warning(s).
Build Time Elapsed:  00:00:12
